"../../../../The-Sniper-and-the-Spy/Content/BP_ThirdPerson/Mannequin/Character/Mesh/UE4_Mannequin_Skeleton.uasset" 0
"../../../../The-Sniper-and-the-Spy/Content/BP_ThirdPerson/Mannequin/Animations/ThirdPersonJump_End.uasset" 1
"../../../../The-Sniper-and-the-Spy/Content/BP_ThirdPerson/ThirdPersonBP/ThirdPersonOverview.uasset" 2
"../../../../The-Sniper-and-the-Spy/Content/BP_ThirdPerson/Mannequin/Animations/ThirdPerson_Jump.uasset" 3
"../../../../The-Sniper-and-the-Spy/Content/BP_ThirdPerson/Mannequin/Animations/ThirdPersonJump_Loop.uasset" 4
"../../../../The-Sniper-and-the-Spy/Content/BP_ThirdPerson/Mannequin/Animations/ThirdPersonJump_Start.uasset" 5
"../../../../The-Sniper-and-the-Spy/Content/BP_ThirdPerson/Mannequin/Animations/ThirdPersonIdle.uasset" 6
"../../../../The-Sniper-and-the-Spy/Content/BP_ThirdPerson/Mannequin/Animations/ThirdPersonRun.uasset" 7
"../../../../The-Sniper-and-the-Spy/Content/BP_ThirdPerson/Mannequin/Animations/ThirdPersonWalk.uasset" 8
"../../../../The-Sniper-and-the-Spy/Content/BP_ThirdPerson/Mannequin/Animations/ThirdPerson_IdleRun_2D.uasset" 9
"../../../Engine/Content/EditorBlueprintResources/StandardMacros.uasset" 10
"../../../../The-Sniper-and-the-Spy/Content/BP_ThirdPerson/Mannequin/Animations/ThirdPerson_AnimBP.uasset" 11
"../../../Engine/Content/Functions/Engine_MaterialFunctions02/Utility/BlendAngleCorrectedNormals.uasset" 12
"../../../Engine/Content/Functions/MaterialLayerFunctions/MatLayerBlend_NormalBlend.uasset" 13
"../../../Engine/Content/Functions/MaterialLayerFunctions/MatLayerBlend_Simple.uasset" 14
"../../../../The-Sniper-and-the-Spy/Content/BP_ThirdPerson/Mannequin/Character/Materials/MaterialLayers/T_ML_Rubber_Blue_01_D.uasset" 15
"../../../../The-Sniper-and-the-Spy/Content/BP_ThirdPerson/Mannequin/Character/Materials/MaterialLayers/T_ML_Rubber_Blue_01_N.uasset" 16
"../../../../The-Sniper-and-the-Spy/Content/BP_ThirdPerson/Mannequin/Character/Materials/MaterialLayers/ML_GlossyBlack_Latex_UE4.uasset" 17
"../../../../The-Sniper-and-the-Spy/Content/BP_ThirdPerson/Mannequin/Character/Materials/MaterialLayers/ML_Plastic_Shiny_Beige.uasset" 18
"../../../../The-Sniper-and-the-Spy/Content/BP_ThirdPerson/Mannequin/Character/Textures/UE4_LOGO_CARD.uasset" 19
"../../../../The-Sniper-and-the-Spy/Content/BP_ThirdPerson/Mannequin/Character/Materials/MaterialLayers/ML_Plastic_Shiny_Beige_LOGO.uasset" 20
"../../../../The-Sniper-and-the-Spy/Content/BP_ThirdPerson/Mannequin/Character/Materials/MaterialLayers/T_ML_Aluminum01.uasset" 21
"../../../../The-Sniper-and-the-Spy/Content/BP_ThirdPerson/Mannequin/Character/Materials/MaterialLayers/T_ML_Aluminum01_N.uasset" 22
"../../../../The-Sniper-and-the-Spy/Content/BP_ThirdPerson/Mannequin/Character/Materials/MaterialLayers/ML_SoftMetal_UE4.uasset" 23
"../../../../The-Sniper-and-the-Spy/Content/BP_ThirdPerson/Mannequin/Character/Textures/UE4_Mannequin__normals.uasset" 24
"../../../../The-Sniper-and-the-Spy/Content/BP_ThirdPerson/Mannequin/Character/Textures/UE4_Mannequin_MAT_MASKA.uasset" 25
"../../../../The-Sniper-and-the-Spy/Content/BP_ThirdPerson/Mannequin/Character/Materials/M_UE4Man_Body.uasset" 26
"../../../../The-Sniper-and-the-Spy/Content/BP_ThirdPerson/Mannequin/Character/Textures/UE4Man_Logo_N.uasset" 27
"../../../../The-Sniper-and-the-Spy/Content/BP_ThirdPerson/Mannequin/Character/Materials/M_UE4Man_ChestLogo.uasset" 28
"../../../../The-Sniper-and-the-Spy/Content/BP_ThirdPerson/Mannequin/Character/Mesh/SK_Mannequin_PhysicsAsset.uasset" 29
"../../../../The-Sniper-and-the-Spy/Content/BP_ThirdPerson/Mannequin/Character/Mesh/SK_Mannequin.uasset" 30
"../../../../The-Sniper-and-the-Spy/Content/BP_ThirdPerson/ThirdPersonBP/Blueprints/ThirdPersonCharacter.uasset" 31
"../../../../The-Sniper-and-the-Spy/Content/StarterContent/Textures/T_MacroVariation.uasset" 32
"../../../../The-Sniper-and-the-Spy/Content/StarterContent/Textures/T_Metal_Steel_D.uasset" 33
"../../../../The-Sniper-and-the-Spy/Content/StarterContent/Textures/T_Metal_Steel_N.uasset" 34
"../../../../The-Sniper-and-the-Spy/Content/StarterContent/Materials/M_Metal_Steel.uasset" 35
"../../../../The-Sniper-and-the-Spy/Content/Music/AlertSound.uasset" 36
"../../../../The-Sniper-and-the-Spy/Content/BP_ThirdPerson/BP_EnemyGuard.uasset" 37
"../../../../The-Sniper-and-the-Spy/Content/BP_ThirdPerson/ThirdPersonBP/Blueprints/BP_EnemyGuard.uasset" 38
"../../../../The-Sniper-and-the-Spy/Content/BP_ThirdPerson/BP_Bullet.uasset" 39
"../../../../The-Sniper-and-the-Spy/Content/BP_ThirdPerson/PauseMenu.uasset" 40
"../../../../The-Sniper-and-the-Spy/Content/Music/SniperShot.uasset" 41
"../../../../The-Sniper-and-the-Spy/Content/BP_ThirdPerson/FirstPersonPawn.uasset" 42
"../../../../The-Sniper-and-the-Spy/Content/Music/Sniper_breathing.uasset" 43
"../../../../The-Sniper-and-the-Spy/Content/BP_ThirdPerson/CharacterSwitchController.uasset" 44
"../../../../The-Sniper-and-the-Spy/Content/BP_ThirdPerson/ThirdPersonBP/Blueprints/ThirdPersonGameMode.uasset" 45
"../../../../The-Sniper-and-the-Spy/Content/Images/reticle.uasset" 46
"../../../../The-Sniper-and-the-Spy/Content/Music/door_1.uasset" 47
"../../../../The-Sniper-and-the-Spy/Content/Music/footsteps-1.uasset" 48
"../../../../The-Sniper-and-the-Spy/Content/Music/Sniper_Fire_Reload-Mike_Koenig-1309646991.uasset" 49
"../../../../The-Sniper-and-the-Spy/Content/SoulCity/Environment/Meshes/Building_Slum/M_WorldGridMaterial.uasset" 50
"../../../../The-Sniper-and-the-Spy/Content/SoulCity/Environment/Meshes/Building_Slum/SM_LV_Soul_pole01.uasset" 51
"../../../../The-Sniper-and-the-Spy/Content/SoulCity/Environment/Meshes/Building_Slum/SM_ShantyLODFar1.uasset" 52
"../../../../The-Sniper-and-the-Spy/Content/SoulCity/Environment/Meshes/Building_Slum/SM_ShantyLODFar2.uasset" 53
"../../../../The-Sniper-and-the-Spy/Content/SoulCity/Environment/Meshes/Building_Slum/SM_ShantyLODFar5.uasset" 54
"../../../../The-Sniper-and-the-Spy/Content/SoulCity/Environment/Meshes/Building_Slum/SM_ShantyLODFarGroup.uasset" 55
"../../../../The-Sniper-and-the-Spy/Content/SoulCity/Environment/Meshes/Building_Slum/SM_Slums_Cieling_01a.uasset" 56
"../../../../The-Sniper-and-the-Spy/Content/SoulCity/Environment/Meshes/Building_Slum/SM_Slums_Cieling_02a.uasset" 57
"../../../../The-Sniper-and-the-Spy/Content/SoulCity/Environment/Meshes/Building_Slum/SM_Slums_Cieling_02b.uasset" 58
"../../../../The-Sniper-and-the-Spy/Content/SoulCity/Environment/Meshes/Building_Slum/SM_Slums_Cieling_02c.uasset" 59
"../../../../The-Sniper-and-the-Spy/Content/SoulCity/Environment/Meshes/Building_Slum/SM_Slums_Cieling_02d.uasset" 60
"../../../../The-Sniper-and-the-Spy/Content/SoulCity/Environment/Meshes/Building_Slum/SM_Slums_Cieling_03b.uasset" 61
"../../../../The-Sniper-and-the-Spy/Content/SoulCity/Environment/Meshes/Building_Slum/SM_Slums_Cieling_03b_Opt.uasset" 62
"../../../../The-Sniper-and-the-Spy/Content/SoulCity/Environment/Meshes/Building_Slum/SM_Slums_Cieling_03c.uasset" 63
"../../../../The-Sniper-and-the-Spy/Content/SoulCity/Environment/Meshes/Building_Slum/SM_Slums_Cieling_04a.uasset" 64
"../../../../The-Sniper-and-the-Spy/Content/SoulCity/Environment/Meshes/Building_Slum/SM_Slums_Cieling_Pipes_01a.uasset" 65
"../../../../The-Sniper-and-the-Spy/Content/SoulCity/Environment/Meshes/Building_Slum/SM_Slums_Cloth_01a.uasset" 66
"../../../../The-Sniper-and-the-Spy/Content/SoulCity/Environment/Meshes/Building_Slum/SM_Slums_Cloth_01b.uasset" 67
"../../../../The-Sniper-and-the-Spy/Content/SoulCity/Environment/Meshes/Building_Slum/SM_Slums_Cloth_01c.uasset" 68
"../../../../The-Sniper-and-the-Spy/Content/SoulCity/Environment/Meshes/Building_Slum/SM_Slums_Cloth_01d.uasset" 69
"../../../../The-Sniper-and-the-Spy/Content/SoulCity/Environment/Meshes/Building_Slum/SM_Slums_Decal_01a.uasset" 70
"../../../../The-Sniper-and-the-Spy/Content/SoulCity/Environment/Meshes/Building_Slum/SM_Slums_Decal_01b.uasset" 71
"../../../../The-Sniper-and-the-Spy/Content/SoulCity/Environment/Meshes/Building_Slum/SM_Slums_Decal_02a.uasset" 72
"../../../../The-Sniper-and-the-Spy/Content/SoulCity/Environment/Meshes/Building_Slum/SM_Slums_Decal_02b.uasset" 73
"../../../../The-Sniper-and-the-Spy/Content/SoulCity/Environment/Meshes/Building_Slum/SM_Slums_Decal_02c.uasset" 74
"../../../../The-Sniper-and-the-Spy/Content/SoulCity/Environment/Meshes/Building_Slum/SM_Slums_Decal_02d.uasset" 75
"../../../../The-Sniper-and-the-Spy/Content/SoulCity/Environment/Meshes/Building_Slum/SM_Slums_Decal_02e.uasset" 76
"../../../../The-Sniper-and-the-Spy/Content/SoulCity/Environment/Meshes/Building_Slum/SM_Slums_Decal_02f.uasset" 77
"../../../../The-Sniper-and-the-Spy/Content/SoulCity/Environment/Meshes/Building_Slum/SM_Slums_Distance_01a.uasset" 78
"../../../../The-Sniper-and-the-Spy/Content/SoulCity/Environment/Meshes/Building_Slum/SM_Slums_Distance_01b.uasset" 79
"../../../../The-Sniper-and-the-Spy/Content/SoulCity/Environment/Meshes/Building_Slum/SM_Slums_Distance_01b_OP.uasset" 80
"../../../../The-Sniper-and-the-Spy/Content/SoulCity/Environment/Meshes/Building_Slum/SM_Slums_Distance_01c.uasset" 81
"../../../../The-Sniper-and-the-Spy/Content/SoulCity/Environment/Meshes/Building_Slum/SM_Slums_Distance_01d.uasset" 82
"../../../../The-Sniper-and-the-Spy/Content/SoulCity/Environment/Meshes/Building_Slum/SM_Slums_Distance_02b.uasset" 83
"../../../../The-Sniper-and-the-Spy/Content/SoulCity/Environment/Meshes/Building_Slum/SM_Slums_Distance_02c.uasset" 84
"../../../../The-Sniper-and-the-Spy/Content/SoulCity/Environment/Meshes/Building_Slum/SM_Slums_Distance_02d.uasset" 85
"../../../../The-Sniper-and-the-Spy/Content/SoulCity/Environment/Meshes/Building_Slum/SM_Slums_Distance_02e.uasset" 86
"../../../../The-Sniper-and-the-Spy/Content/SoulCity/Environment/Meshes/Building_Slum/SM_Slums_Distance_02e_OP.uasset" 87
"../../../../The-Sniper-and-the-Spy/Content/SoulCity/Environment/Meshes/Building_Slum/SM_Slums_Distance_02f.uasset" 88
"../../../../The-Sniper-and-the-Spy/Content/SoulCity/Environment/Meshes/Building_Slum/SM_Slums_Distance_03a_OP.uasset" 89
"../../../../The-Sniper-and-the-Spy/Content/SoulCity/Environment/Meshes/Building_Slum/SM_Slums_Distance_05a_Opt.uasset" 90
"../../../../The-Sniper-and-the-Spy/Content/SoulCity/Environment/Meshes/Building_Slum/SM_Slums_Floor_01a.uasset" 91
"../../../../The-Sniper-and-the-Spy/Content/SoulCity/Environment/Meshes/Building_Slum/SM_Slums_Floor_01b.uasset" 92
"../../../../The-Sniper-and-the-Spy/Content/SoulCity/Environment/Meshes/Building_Slum/SM_Slums_Floor_01c.uasset" 93
"../../../../The-Sniper-and-the-Spy/Content/SoulCity/Environment/Meshes/Building_Slum/SM_Slums_Floor_01d.uasset" 94
"../../../../The-Sniper-and-the-Spy/Content/SoulCity/Environment/Meshes/Building_Slum/SM_Slums_Floor_01e.uasset" 95
"../../../../The-Sniper-and-the-Spy/Content/SoulCity/Environment/Meshes/Building_Slum/SM_Slums_Floor_01f.uasset" 96
"../../../../The-Sniper-and-the-Spy/Content/SoulCity/Environment/Meshes/Building_Slum/SM_Slums_Floor_01g.uasset" 97
"../../../../The-Sniper-and-the-Spy/Content/SoulCity/Environment/Meshes/Building_Slum/SM_Slums_Floor_01h.uasset" 98
"../../../../The-Sniper-and-the-Spy/Content/SoulCity/Environment/Meshes/Building_Slum/SM_Slums_Floor_01i.uasset" 99
"../../../../The-Sniper-and-the-Spy/Content/SoulCity/Environment/Meshes/Building_Slum/SM_Slums_Floor_01i_02.uasset" 100
"../../../../The-Sniper-and-the-Spy/Content/SoulCity/Environment/Meshes/Building_Slum/SM_Slums_Floor_01j.uasset" 101
"../../../../The-Sniper-and-the-Spy/Content/SoulCity/Environment/Meshes/Building_Slum/SM_Slums_Floor_01j_02.uasset" 102
"../../../../The-Sniper-and-the-Spy/Content/SoulCity/Environment/Meshes/Building_Slum/SM_Slums_Grating_01a.uasset" 103
"../../../../The-Sniper-and-the-Spy/Content/SoulCity/Environment/Meshes/Building_Slum/SM_Slums_Light_01a.uasset" 104
"../../../../The-Sniper-and-the-Spy/Content/SoulCity/Environment/Meshes/Building_Slum/SM_Slums_Light_01a_OP.uasset" 105
"../../../../The-Sniper-and-the-Spy/Content/SoulCity/Environment/Meshes/Building_Slum/SM_Slums_Light_01b.uasset" 106
"../../../../The-Sniper-and-the-Spy/Content/SoulCity/Environment/Meshes/Building_Slum/SM_Slums_Light_01b_OP.uasset" 107
"../../../../The-Sniper-and-the-Spy/Content/SoulCity/Environment/Meshes/Building_Slum/SM_Slums_Optimizations_Stairs01.uasset" 108
"../../../../The-Sniper-and-the-Spy/Content/SoulCity/Environment/Meshes/Building_Slum/SM_Slums_Optimizations_Stairs02.uasset" 109
"../../../../The-Sniper-and-the-Spy/Content/SoulCity/Environment/Meshes/Building_Slum/SM_Slums_Optimizations_Stairs_MainBridge.uasset" 110
"../../../../The-Sniper-and-the-Spy/Content/SoulCity/Environment/Meshes/Building_Slum/SM_Slums_Pipes_04c.uasset" 111
"../../../../The-Sniper-and-the-Spy/Content/SoulCity/Environment/Meshes/Building_Slum/SM_Slums_Pipe_01a.uasset" 112
"../../../../The-Sniper-and-the-Spy/Content/SoulCity/Environment/Meshes/Building_Slum/SM_Slums_Pipe_01b.uasset" 113
"../../../../The-Sniper-and-the-Spy/Content/SoulCity/Environment/Meshes/Building_Slum/SM_Slums_Pipe_01c.uasset" 114
"../../../../The-Sniper-and-the-Spy/Content/SoulCity/Environment/Meshes/Building_Slum/SM_Slums_Pipe_01d.uasset" 115
"../../../../The-Sniper-and-the-Spy/Content/SoulCity/Environment/Meshes/Building_Slum/SM_Slums_Pipe_01e.uasset" 116
"../../../../The-Sniper-and-the-Spy/Content/SoulCity/Environment/Meshes/Building_Slum/SM_Slums_Pipe_02a.uasset" 117
"../../../../The-Sniper-and-the-Spy/Content/SoulCity/Environment/Meshes/Building_Slum/SM_Slums_Pipe_02b_OP.uasset" 118
"../../../../The-Sniper-and-the-Spy/Content/SoulCity/Environment/Meshes/Building_Slum/SM_Slums_Pipe_02c_OP.uasset" 119
"../../../../The-Sniper-and-the-Spy/Content/SoulCity/Environment/Meshes/Building_Slum/SM_Slums_Pipe_02d.uasset" 120
"../../../../The-Sniper-and-the-Spy/Content/SoulCity/Environment/Meshes/Building_Slum/SM_Slums_Pipe_02e.uasset" 121
"../../../../The-Sniper-and-the-Spy/Content/SoulCity/Environment/Meshes/Building_Slum/SM_Slums_Pipe_03a.uasset" 122
"../../../../The-Sniper-and-the-Spy/Content/SoulCity/Environment/Meshes/Building_Slum/SM_Slums_Pipe_03b.uasset" 123
"../../../../The-Sniper-and-the-Spy/Content/SoulCity/Environment/Meshes/Building_Slum/SM_Slums_Pipe_04a.uasset" 124
"../../../../The-Sniper-and-the-Spy/Content/SoulCity/Environment/Meshes/Building_Slum/SM_Slums_Pipe_04b.uasset" 125
"../../../../The-Sniper-and-the-Spy/Content/SoulCity/Environment/Meshes/Building_Slum/SM_Slums_Pipe_05a.uasset" 126
"../../../../The-Sniper-and-the-Spy/Content/SoulCity/Environment/Meshes/Building_Slum/SM_Slums_Pipe_05a_LOD01.uasset" 127
"../../../../The-Sniper-and-the-Spy/Content/SoulCity/Environment/Meshes/Building_Slum/SM_Slums_Pipe_05a_LOD02.uasset" 128
"../../../../The-Sniper-and-the-Spy/Content/SoulCity/Environment/Meshes/Building_Slum/SM_Slums_Pipe_05b.uasset" 129
"../../../../The-Sniper-and-the-Spy/Content/SoulCity/Environment/Meshes/Building_Slum/SM_Slums_Pipe_05b_LOD01.uasset" 130
"../../../../The-Sniper-and-the-Spy/Content/SoulCity/Environment/Meshes/Building_Slum/SM_Slums_Pipe_05b_LOD02.uasset" 131
"../../../../The-Sniper-and-the-Spy/Content/SoulCity/Environment/Meshes/Building_Slum/SM_Slums_Pipe_05c.uasset" 132
"../../../../The-Sniper-and-the-Spy/Content/SoulCity/Environment/Meshes/Building_Slum/SM_Slums_Pipe_05c_LOD01.uasset" 133
"../../../../The-Sniper-and-the-Spy/Content/SoulCity/Environment/Meshes/Building_Slum/SM_Slums_Pipe_05c_LOD02.uasset" 134
"../../../../The-Sniper-and-the-Spy/Content/SoulCity/Environment/Meshes/Building_Slum/SM_Slums_Pipe_05d.uasset" 135
"../../../../The-Sniper-and-the-Spy/Content/SoulCity/Environment/Meshes/Building_Slum/SM_Slums_Pipe_05d_LOD02.uasset" 136
"../../../../The-Sniper-and-the-Spy/Content/SoulCity/Environment/Meshes/Building_Slum/SM_Slums_Pipe_05e.uasset" 137
"../../../../The-Sniper-and-the-Spy/Content/SoulCity/Environment/Meshes/Building_Slum/SM_Slums_Pipe_05e_LOD02.uasset" 138
"../../../../The-Sniper-and-the-Spy/Content/SoulCity/Environment/Meshes/Building_Slum/SM_Slums_Pipe_05f.uasset" 139
"../../../../The-Sniper-and-the-Spy/Content/SoulCity/Environment/Meshes/Building_Slum/SM_Slums_Pipe_05f_LOD01.uasset" 140
"../../../../The-Sniper-and-the-Spy/Content/SoulCity/Environment/Meshes/Building_Slum/SM_Slums_Pipe_05g.uasset" 141
"../../../../The-Sniper-and-the-Spy/Content/SoulCity/Environment/Meshes/Building_Slum/SM_Slums_Pipe_05h.uasset" 142
"../../../../The-Sniper-and-the-Spy/Content/SoulCity/Environment/Meshes/Building_Slum/SM_Slums_Pipe_05h_LOD02.uasset" 143
"../../../../The-Sniper-and-the-Spy/Content/SoulCity/Environment/Meshes/Building_Slum/SM_Slums_Roof_01a.uasset" 144
"../../../../The-Sniper-and-the-Spy/Content/SoulCity/Environment/Meshes/Building_Slum/SM_Slums_Roof_01b.uasset" 145
"../../../../The-Sniper-and-the-Spy/Content/SoulCity/Environment/Meshes/Building_Slum/SM_Slums_Roof_01b_OP.uasset" 146
"../../../../The-Sniper-and-the-Spy/Content/SoulCity/Environment/Meshes/Building_Slum/SM_Slums_Roof_01c.uasset" 147
"../../../../The-Sniper-and-the-Spy/Content/SoulCity/Environment/Meshes/Building_Slum/SM_Slums_Scaffolding_01a_OP.uasset" 148
"../../../../The-Sniper-and-the-Spy/Content/SoulCity/Environment/Meshes/Building_Slum/SM_Slums_Scaffolding_01b_OP.uasset" 149
"../../../../The-Sniper-and-the-Spy/Content/SoulCity/Environment/Meshes/Building_Slum/SM_Slums_Scaffolding_01b_Opt.uasset" 150
"../../../../The-Sniper-and-the-Spy/Content/SoulCity/Environment/Meshes/Building_Slum/SM_Slums_Scaffolding_01c.uasset" 151
"../../../../The-Sniper-and-the-Spy/Content/SoulCity/Environment/Meshes/Building_Slum/SM_Slums_Scaffolding_01d.uasset" 152
"../../../../The-Sniper-and-the-Spy/Content/SoulCity/Environment/Meshes/Building_Slum/SM_Slums_Scaffolding_01e.uasset" 153
"../../../../The-Sniper-and-the-Spy/Content/SoulCity/Environment/Meshes/Building_Slum/SM_Slums_Scaffolding_02a.uasset" 154
"../../../../The-Sniper-and-the-Spy/Content/SoulCity/Environment/Meshes/Building_Slum/SM_Slums_Scaffolding_02b.uasset" 155
"../../../../The-Sniper-and-the-Spy/Content/SoulCity/Environment/Meshes/Building_Slum/SM_Slums_Scaffolding_02b_OP.uasset" 156
"../../../../The-Sniper-and-the-Spy/Content/SoulCity/Environment/Meshes/Building_Slum/SM_Slums_Scaffolding_03a.uasset" 157
"../../../../The-Sniper-and-the-Spy/Content/SoulCity/Environment/Meshes/Building_Slum/SM_Slums_Scaffolding_03b.uasset" 158
"../../../../The-Sniper-and-the-Spy/Content/SoulCity/Environment/Meshes/Building_Slum/SM_Slums_Scaffolding_04.uasset" 159
"../../../../The-Sniper-and-the-Spy/Content/SoulCity/Environment/Meshes/Building_Slum/SM_Slums_Sign01a.uasset" 160
"../../../../The-Sniper-and-the-Spy/Content/SoulCity/Environment/Meshes/Building_Slum/SM_Slums_Sign01b_Bent.uasset" 161
"../../../../The-Sniper-and-the-Spy/Content/SoulCity/Environment/Meshes/Building_Slum/SM_Slums_Sign01b_Bent_opt.uasset" 162
"../../../../The-Sniper-and-the-Spy/Content/SoulCity/Environment/Meshes/Building_Slum/SM_Slums_Sign01b_opt.uasset" 163
"../../../../The-Sniper-and-the-Spy/Content/SoulCity/Environment/Meshes/Building_Slum/SM_Slums_Sign01d_opt.uasset" 164
"../../../../The-Sniper-and-the-Spy/Content/SoulCity/Environment/Meshes/Building_Slum/SM_Slums_Sign02a.uasset" 165
"../../../../The-Sniper-and-the-Spy/Content/SoulCity/Environment/Meshes/Building_Slum/SM_Slums_Sign02a_opt.uasset" 166
"../../../../The-Sniper-and-the-Spy/Content/SoulCity/Environment/Meshes/Building_Slum/SM_Slums_Sign02b.uasset" 167
"../../../../The-Sniper-and-the-Spy/Content/SoulCity/Environment/Meshes/Building_Slum/SM_Slums_Sign02b_opt.uasset" 168
"../../../../The-Sniper-and-the-Spy/Content/SoulCity/Environment/Meshes/Building_Slum/SM_Slums_Sign02d.uasset" 169
"../../../../The-Sniper-and-the-Spy/Content/SoulCity/Environment/Meshes/Building_Slum/SM_Slums_Sign03a.uasset" 170
"../../../../The-Sniper-and-the-Spy/Content/SoulCity/Environment/Meshes/Building_Slum/SM_Slums_Sign03a_opt.uasset" 171
"../../../../The-Sniper-and-the-Spy/Content/SoulCity/Environment/Meshes/Building_Slum/SM_Slums_Sign03b.uasset" 172
"../../../../The-Sniper-and-the-Spy/Content/SoulCity/Environment/Meshes/Building_Slum/SM_Slums_Sign04a.uasset" 173
"../../../../The-Sniper-and-the-Spy/Content/SoulCity/Environment/Meshes/Building_Slum/SM_Slums_Sign04a_opt.uasset" 174
"../../../../The-Sniper-and-the-Spy/Content/SoulCity/Environment/Meshes/Building_Slum/SM_Slums_Sign05a.uasset" 175
"../../../../The-Sniper-and-the-Spy/Content/SoulCity/Environment/Meshes/Building_Slum/SM_Slums_Sign05a_opt.uasset" 176
"../../../../The-Sniper-and-the-Spy/Content/SoulCity/Environment/Meshes/Building_Slum/SM_Slums_Sign06a.uasset" 177
"../../../../The-Sniper-and-the-Spy/Content/SoulCity/Environment/Meshes/Building_Slum/SM_Slums_Sign06a_opt.uasset" 178
"../../../../The-Sniper-and-the-Spy/Content/SoulCity/Environment/Meshes/Building_Slum/SM_Slums_Support_01a.uasset" 179
"../../../../The-Sniper-and-the-Spy/Content/SoulCity/Environment/Meshes/Building_Slum/SM_Slums_Support_01b.uasset" 180
"../../../../The-Sniper-and-the-Spy/Content/SoulCity/Environment/Meshes/Building_Slum/SM_Slums_Support_01c.uasset" 181
"../../../../The-Sniper-and-the-Spy/Content/SoulCity/Environment/Meshes/Building_Slum/SM_Slums_Support_01c_Opt.uasset" 182
"../../../../The-Sniper-and-the-Spy/Content/SoulCity/Environment/Meshes/Building_Slum/SM_Slums_Support_01d.uasset" 183
"../../../../The-Sniper-and-the-Spy/Content/SoulCity/Environment/Meshes/Building_Slum/SM_Slums_Support_01e.uasset" 184
"../../../../The-Sniper-and-the-Spy/Content/SoulCity/Environment/Meshes/Building_Slum/SM_Slums_Support_01e_OP.uasset" 185
"../../../../The-Sniper-and-the-Spy/Content/SoulCity/Environment/Meshes/Building_Slum/SM_Slums_Trashbag.uasset" 186
"../../../../The-Sniper-and-the-Spy/Content/SoulCity/Environment/Meshes/Building_Slum/SM_Slums_Trashcan_Closed02.uasset" 187
"../../../../The-Sniper-and-the-Spy/Content/SoulCity/Environment/Meshes/Building_Slum/SM_Slums_Trashcan_Lid.uasset" 188
"../../../../The-Sniper-and-the-Spy/Content/SoulCity/Environment/Meshes/Building_Slum/SM_Slums_Trashcan_Open01.uasset" 189
"../../../../The-Sniper-and-the-Spy/Content/SoulCity/Environment/Meshes/Building_Slum/SM_Slums_Trashcan_Open02.uasset" 190
"../../../../The-Sniper-and-the-Spy/Content/SoulCity/Environment/Meshes/Building_Slum/SM_Slums_Trashcan_Open02_Wind.uasset" 191
"../../../../The-Sniper-and-the-Spy/Content/SoulCity/Environment/Meshes/Building_Slum/SM_Slums_Trash_01a.uasset" 192
"../../../../The-Sniper-and-the-Spy/Content/SoulCity/Environment/Meshes/Building_Slum/SM_Slums_Trash_02a.uasset" 193
"../../../../The-Sniper-and-the-Spy/Content/SoulCity/Environment/Meshes/Building_Slum/SM_Slums_Trash_02b.uasset" 194
"../../../../The-Sniper-and-the-Spy/Content/SoulCity/Environment/Meshes/Building_Slum/SM_Slums_Trash_02c.uasset" 195
"../../../../The-Sniper-and-the-Spy/Content/SoulCity/Environment/Meshes/Building_Slum/SM_Slums_Trash_02c_OP.uasset" 196
"../../../../The-Sniper-and-the-Spy/Content/SoulCity/Environment/Meshes/Building_Slum/SM_Slums_Trash_02d.uasset" 197
"../../../../The-Sniper-and-the-Spy/Content/SoulCity/Environment/Meshes/Building_Slum/SM_Slums_Vent_01a.uasset" 198
"../../../../The-Sniper-and-the-Spy/Content/SoulCity/Environment/Meshes/Building_Slum/SM_Slums_Vent_01a_Opt.uasset" 199
"../../../../The-Sniper-and-the-Spy/Content/SoulCity/Environment/Meshes/Building_Slum/SM_Slums_Vent_01b.uasset" 200
"../../../../The-Sniper-and-the-Spy/Content/SoulCity/Environment/Meshes/Building_Slum/SM_Slums_Vent_01b_2.uasset" 201
"../../../../The-Sniper-and-the-Spy/Content/SoulCity/Environment/Meshes/Building_Slum/SM_Slums_Vent_01b_OP.uasset" 202
"../../../../The-Sniper-and-the-Spy/Content/SoulCity/Environment/Meshes/Building_Slum/SM_Slums_Vent_02b.uasset" 203
"../../../../The-Sniper-and-the-Spy/Content/SoulCity/Environment/Meshes/Building_Slum/SM_Slums_Vent_02c.uasset" 204
"../../../../The-Sniper-and-the-Spy/Content/SoulCity/Environment/Meshes/Building_Slum/SM_Slums_Vent_02d.uasset" 205
"../../../../The-Sniper-and-the-Spy/Content/SoulCity/Environment/Meshes/Building_Slum/SM_Slums_Vent_02e.uasset" 206
"../../../../The-Sniper-and-the-Spy/Content/SoulCity/Environment/Meshes/Building_Slum/SM_Slums_Vent_02e_OP.uasset" 207
"../../../../The-Sniper-and-the-Spy/Content/SoulCity/Environment/Meshes/Building_Slum/SM_Slums_Wall_01a.uasset" 208
"../../../../The-Sniper-and-the-Spy/Content/SoulCity/Environment/Meshes/Building_Slum/SM_Slums_Wall_01b.uasset" 209
"../../../../The-Sniper-and-the-Spy/Content/SoulCity/Environment/Meshes/Building_Slum/SM_Slums_Wall_01c.uasset" 210
"../../../../The-Sniper-and-the-Spy/Content/SoulCity/Environment/Meshes/Building_Slum/SM_Slums_Wall_01d.uasset" 211
"../../../../The-Sniper-and-the-Spy/Content/SoulCity/Environment/Meshes/Building_Slum/SM_Slums_Wall_01d_LP.uasset" 212
"../../../../The-Sniper-and-the-Spy/Content/SoulCity/Environment/Meshes/Building_Slum/SM_Slums_Wall_01e.uasset" 213
"../../../../The-Sniper-and-the-Spy/Content/SoulCity/Environment/Meshes/Building_Slum/SM_Slums_Wall_01f.uasset" 214
"../../../../The-Sniper-and-the-Spy/Content/SoulCity/Environment/Meshes/Building_Slum/SM_Slums_Wall_01g.uasset" 215
"../../../../The-Sniper-and-the-Spy/Content/SoulCity/Environment/Meshes/Building_Slum/SM_Slums_Wall_01h.uasset" 216
"../../../../The-Sniper-and-the-Spy/Content/SoulCity/Environment/Meshes/Building_Slum/SM_Slums_Wall_01h_OP.uasset" 217
"../../../../The-Sniper-and-the-Spy/Content/SoulCity/Environment/Meshes/Building_Slum/SM_Slums_Wall_01i.uasset" 218
"../../../../The-Sniper-and-the-Spy/Content/SoulCity/Environment/Meshes/Building_Slum/SM_Slums_Wall_01j.uasset" 219
"../../../../The-Sniper-and-the-Spy/Content/SoulCity/Environment/Meshes/Building_Slum/SM_Slums_Wall_01l.uasset" 220
"../../../../The-Sniper-and-the-Spy/Content/SoulCity/Environment/Meshes/Building_Slum/SM_Slums_Wall_01l_LP.uasset" 221
"../../../../The-Sniper-and-the-Spy/Content/SoulCity/Environment/Meshes/Building_Slum/SM_Slums_Wall_01m.uasset" 222
"../../../../The-Sniper-and-the-Spy/Content/SoulCity/Environment/Meshes/Building_Slum/SM_Slums_Wall_02a.uasset" 223
"../../../../The-Sniper-and-the-Spy/Content/SoulCity/Environment/Meshes/Building_Slum/SM_Slums_Wall_02b.uasset" 224
"../../../../The-Sniper-and-the-Spy/Content/SoulCity/Environment/Meshes/Building_Slum/SM_Slums_Wall_02c.uasset" 225
"../../../../The-Sniper-and-the-Spy/Content/SoulCity/Environment/Meshes/Building_Slum/SM_Slums_Wall_02d.uasset" 226
"../../../../The-Sniper-and-the-Spy/Content/SoulCity/Environment/Meshes/Building_Slum/SM_Slums_Wall_02e.uasset" 227
"../../../../The-Sniper-and-the-Spy/Content/SoulCity/Environment/Meshes/Building_Slum/SM_Slums_Wall_02f.uasset" 228
"../../../../The-Sniper-and-the-Spy/Content/SoulCity/Environment/Meshes/Building_Slum/SM_Slums_Wall_02g.uasset" 229
"../../../../The-Sniper-and-the-Spy/Content/SoulCity/Environment/Meshes/Building_Slum/SM_Slums_Wall_02h.uasset" 230
"../../../../The-Sniper-and-the-Spy/Content/SoulCity/Environment/Meshes/Building_Slum/SM_Slums_Wall_02i.uasset" 231
"../../../../The-Sniper-and-the-Spy/Content/SoulCity/Environment/Meshes/Building_Slum/SM_Slums_Wall_02i_02.uasset" 232
"../../../../The-Sniper-and-the-Spy/Content/SoulCity/Environment/Meshes/Building_Slum/SM_Slums_Wall_02j.uasset" 233
"../../../../The-Sniper-and-the-Spy/Content/SoulCity/Environment/Meshes/Building_Slum/SM_Slums_Wall_02j_OP.uasset" 234
"../../../../The-Sniper-and-the-Spy/Content/SoulCity/Environment/Meshes/Building_Slum/SM_Slums_Wall_02k.uasset" 235
"../../../../The-Sniper-and-the-Spy/Content/SoulCity/Environment/Meshes/Building_Slum/SM_Slums_Wall_02l.uasset" 236
"../../../../The-Sniper-and-the-Spy/Content/SoulCity/Environment/Meshes/Building_Slum/SM_Slums_Wall_02m.uasset" 237
"../../../../The-Sniper-and-the-Spy/Content/SoulCity/Environment/Meshes/Building_Slum/SM_Slums_Wall_02n.uasset" 238
"../../../../The-Sniper-and-the-Spy/Content/SoulCity/Environment/Meshes/Building_Slum/SM_Slums_Wall_02o.uasset" 239
"../../../../The-Sniper-and-the-Spy/Content/SoulCity/Environment/Meshes/Building_Slum/SM_Slums_Wall_02p.uasset" 240
"../../../../The-Sniper-and-the-Spy/Content/SoulCity/Environment/Meshes/Building_Slum/SM_Slums_Wall_02_Capped.uasset" 241
"../../../../The-Sniper-and-the-Spy/Content/SoulCity/Environment/Meshes/Building_Slum/SM_Slums_Wall_03a.uasset" 242
"../../../../The-Sniper-and-the-Spy/Content/SoulCity/Environment/Meshes/Building_Slum/SM_Slums_Wall_03b_OP_Opt.uasset" 243
"../../../../The-Sniper-and-the-Spy/Content/SoulCity/Environment/Meshes/Building_Slum/SM_Slums_Wall_03c.uasset" 244
"../../../../The-Sniper-and-the-Spy/Content/SoulCity/Environment/Meshes/Building_Slum/SM_Slums_Wall_Pipe_01.uasset" 245
"../../../../The-Sniper-and-the-Spy/Content/SoulCity/Environment/Meshes/Building_Slum/SM_Slums_Wall_Tile_Board.uasset" 246
"../../../../The-Sniper-and-the-Spy/Content/SoulCity/Environment/Meshes/Building_Slum/SM_Slums_Window_01a.uasset" 247
"../../../../The-Sniper-and-the-Spy/Content/SoulCity/Environment/Meshes/Building_Slum/SM_Slums_Window_01b.uasset" 248
"../../../../The-Sniper-and-the-Spy/Content/SoulCity/Environment/Meshes/Building_Slum/SM_Slums_Window_01c.uasset" 249
"../../../../The-Sniper-and-the-Spy/Content/SoulCity/Environment/Meshes/Building_Slum/SM_Slums_Window_01d.uasset" 250
"../../../../The-Sniper-and-the-Spy/Content/SoulCity/Environment/Meshes/Building_Slum/SM_Slums_Window_01e.uasset" 251
"../../../../The-Sniper-and-the-Spy/Content/SoulCity/Environment/Meshes/Building_Slum/SM_Slums_Window_01f.uasset" 252
"../../../../The-Sniper-and-the-Spy/Content/SoulCity/Environment/Meshes/Building_Slum/SM_Slums_Window_02a.uasset" 253
"../../../../The-Sniper-and-the-Spy/Content/SoulCity/Environment/Meshes/Building_Slum/SM_Slums_Window_02a_Rail.uasset" 254
"../../../../The-Sniper-and-the-Spy/Content/SoulCity/Environment/Meshes/Building_Slum/SM_Slums_Window_02a_Rail_Angle.uasset" 255
"../../../../The-Sniper-and-the-Spy/Content/SoulCity/Environment/Meshes/Building_Slum/SM_Slums_Wires_01a.uasset" 256
"../../../../The-Sniper-and-the-Spy/Content/SoulCity/Environment/Meshes/Building_Slum/SM_Slums_Wires_01a_OP0.uasset" 257
"../../../../The-Sniper-and-the-Spy/Content/SoulCity/Environment/Meshes/Building_Slum/SM_Slums_Wires_02a.uasset" 258
"../../../../The-Sniper-and-the-Spy/Content/SoulCity/Environment/Meshes/Building_Slum/SM_Slums_Wires_02c.uasset" 259
"../../../../The-Sniper-and-the-Spy/Content/SoulCity/Environment/Meshes/Building_Slum/SM_Slums_Wires_02c_OP.uasset" 260
"../../../../The-Sniper-and-the-Spy/Content/SoulCity/Environment/Meshes/Building_Slum/SM_Slums_Wires_02d.uasset" 261
"../../../../The-Sniper-and-the-Spy/Content/SoulCity/Environment/Meshes/Building_Slum/SM_Slums_WoodWall_01a.uasset" 262
"../../../../The-Sniper-and-the-Spy/Content/SoulCity/Environment/Meshes/Building_Slum/SM_Slums_WoodWall_01b.uasset" 263
"../../../../The-Sniper-and-the-Spy/Content/SoulCity/Environment/Meshes/Building_Slum/SM_Slums_WoodWall_01c.uasset" 264
"../../../../The-Sniper-and-the-Spy/Content/SoulCity/Environment/Meshes/Building_Slum/SM_Slums_WoodWall_01d.uasset" 265
"../../../../The-Sniper-and-the-Spy/Content/SoulCity/Environment/Meshes/Building_Slum/SM_Slums_WoodWall_01e.uasset" 266
"../../../../The-Sniper-and-the-Spy/Content/SoulCity/Environment/Meshes/Building_Slum/SM_Slums_WoodWall_01e_OP.uasset" 267
"../../../../The-Sniper-and-the-Spy/Content/SoulCity/Environment/Meshes/Building_Slum/SM_Slums_WoodWall_01f.uasset" 268
"../../../../The-Sniper-and-the-Spy/Content/SoulCity/Environment/Meshes/Building_Slum/SM_Slums_WoodWall_01f_OP.uasset" 269
"../../../../The-Sniper-and-the-Spy/Content/SoulCity/Environment/Meshes/Building_Slum/SM_Slums_WoodWall_02a.uasset" 270
"../../../../The-Sniper-and-the-Spy/Content/SoulCity/Environment/Meshes/Building_Slum/SM_Slums_WoodWall_02b.uasset" 271
"../../../../The-Sniper-and-the-Spy/Content/SoulCity/Environment/Meshes/Building_Slum/SM_Slums_WoodWall_02c.uasset" 272
"../../../../The-Sniper-and-the-Spy/Content/SoulCity/Environment/Meshes/Building_Slum/SM_Slums_WoodWall_02d.uasset" 273
"../../../../The-Sniper-and-the-Spy/Content/SoulCity/Environment/Meshes/Building_Slum/SM_Slums_WoodWall_03a.uasset" 274
"../../../../The-Sniper-and-the-Spy/Content/SoulCity/Environment/Meshes/Building_Slum/SM_slum_roads_stair_trim_001.uasset" 275
"../../../../The-Sniper-and-the-Spy/Content/SoulCity/Environment/Meshes/Building_Slum/SM_slum_roads_stair_trim_002.uasset" 276
"../../../../The-Sniper-and-the-Spy/Content/SoulCity/Environment/Meshes/Building_Slum/SM_slum_roads_stair_trim_003.uasset" 277
"../../../../The-Sniper-and-the-Spy/Content/SoulCity/Environment/Meshes/Building_Slum/SM_slum_roads_stair_trim_004.uasset" 278
"../../../../The-Sniper-and-the-Spy/Content/SoulCity/Environment/Meshes/Building_Slum/SM_slum_roads_stair_trim_005.uasset" 279
"../../../../The-Sniper-and-the-Spy/Content/SoulCity/Environment/Meshes/Building_Slum/SM_slum_roads_stair_trim_006.uasset" 280
"../../../../The-Sniper-and-the-Spy/Content/SoulCity/Environment/Meshes/Building_Slum/SM_slum_roads_stair_trim_007.uasset" 281
"../../../../The-Sniper-and-the-Spy/Content/SoulCity/Environment/Meshes/Building_Slum/SM_slum_roads_stair_trim_008.uasset" 282
"../../../../The-Sniper-and-the-Spy/Content/SoulCity/Environment/Meshes/Building_Slum/SM_Streetlight.uasset" 283
"../../../../The-Sniper-and-the-Spy/Content/SoulCity/Environment/Meshes/Building_Slum/Streetlight.uasset" 284
"../../../../The-Sniper-and-the-Spy/Content/StarterContent/Materials/M_Basic_Wall.uasset" 285
"../../../../The-Sniper-and-the-Spy/Content/StarterContent/Architecture/Pillar_50x500.uasset" 286
"../../../../The-Sniper-and-the-Spy/Content/StarterContent/Architecture/Wall_400x300.uasset" 287
"../../../../The-Sniper-and-the-Spy/Content/StarterContent/Architecture/Wall_400x400.uasset" 288
"../../../../The-Sniper-and-the-Spy/Content/StarterContent/Architecture/Wall_500x500.uasset" 289
"../../../../The-Sniper-and-the-Spy/Content/StarterContent/Architecture/Wall_Door_400x400.uasset" 290
"../../../../The-Sniper-and-the-Spy/Content/StarterContent/Architecture/Wall_Window_400x400.uasset" 291
"../../../../The-Sniper-and-the-Spy/Content/StarterContent/Audio/Collapse01.uasset" 292
"../../../../The-Sniper-and-the-Spy/Content/StarterContent/Audio/Collapse02.uasset" 293
"../../../../The-Sniper-and-the-Spy/Content/StarterContent/Audio/Explosion01.uasset" 294
"../../../../The-Sniper-and-the-Spy/Content/StarterContent/Audio/Explosion02.uasset" 295
"../../../../The-Sniper-and-the-Spy/Content/StarterContent/Audio/Fire01.uasset" 296
"../../../../The-Sniper-and-the-Spy/Content/StarterContent/Audio/Fire_Sparks01.uasset" 297
"../../../../The-Sniper-and-the-Spy/Content/StarterContent/Audio/Light01.uasset" 298
"../../../../The-Sniper-and-the-Spy/Content/StarterContent/Audio/Light01_Cue.uasset" 299
"../../../../The-Sniper-and-the-Spy/Content/StarterContent/Audio/Light02.uasset" 300
"../../../../The-Sniper-and-the-Spy/Content/StarterContent/Audio/Light02_Cue.uasset" 301
"../../../../The-Sniper-and-the-Spy/Content/StarterContent/Audio/Smoke01.uasset" 302
"../../../../The-Sniper-and-the-Spy/Content/StarterContent/Audio/Starter_Birds01.uasset" 303
"../../../../The-Sniper-and-the-Spy/Content/StarterContent/Audio/Starter_Music01.uasset" 304
"../../../../The-Sniper-and-the-Spy/Content/StarterContent/Audio/Starter_Wind05.uasset" 305
"../../../../The-Sniper-and-the-Spy/Content/StarterContent/Audio/Starter_Wind06.uasset" 306
"../../../../The-Sniper-and-the-Spy/Content/StarterContent/Audio/Steam01.uasset" 307
"../../../../The-Sniper-and-the-Spy/Content/StarterContent/Audio/Explosion_Cue.uasset" 308
"../../../../The-Sniper-and-the-Spy/Content/StarterContent/Textures/T_Burst_M.uasset" 309
"../../../../The-Sniper-and-the-Spy/Content/StarterContent/Particles/Materials/M_Burst.uasset" 310
"../../../../The-Sniper-and-the-Spy/Content/StarterContent/Textures/T_Explosion_SubUV.uasset" 311
"../../../../The-Sniper-and-the-Spy/Content/StarterContent/Particles/Materials/M_explosion_subUV.uasset" 312
"../../../../The-Sniper-and-the-Spy/Content/StarterContent/Particles/Materials/m_flare_01.uasset" 313
"../../../Engine/Content/Functions/Engine_MaterialFunctions01/Gradient/RadialGradient.uasset" 314
"../../../../The-Sniper-and-the-Spy/Content/StarterContent/Particles/Materials/M_radial_ramp.uasset" 315
"../../../../The-Sniper-and-the-Spy/Content/StarterContent/Textures/T_Smoke_SubUV.uasset" 316
"../../../../The-Sniper-and-the-Spy/Content/StarterContent/Textures/T_Smoke_Tiled_D.uasset" 317
"../../../../The-Sniper-and-the-Spy/Content/StarterContent/Particles/Materials/M_smoke_subUV.uasset" 318
"../../../../The-Sniper-and-the-Spy/Content/StarterContent/Particles/P_Explosion.uasset" 319
"../../../../The-Sniper-and-the-Spy/Content/StarterContent/Blueprints/Blueprint_Effect_Explosion.uasset" 320
"../../../Engine/Content/EditorMeshes/ColorCalibrator/T_ColorGrid.uasset" 321
"../../../../The-Sniper-and-the-Spy/Content/StarterContent/Materials/M_ColorGrid_LowSpec.uasset" 322
"../../../../The-Sniper-and-the-Spy/Content/StarterContent/Textures/T_Bush_D.uasset" 323
"../../../../The-Sniper-and-the-Spy/Content/StarterContent/Textures/T_Bush_N.uasset" 324
"../../../../The-Sniper-and-the-Spy/Content/StarterContent/Props/Materials/M_Bush.uasset" 325
"../../../../The-Sniper-and-the-Spy/Content/StarterContent/Props/SM_Bush.uasset" 326
"../../../../The-Sniper-and-the-Spy/Content/StarterContent/Textures/T_Chair_M.uasset" 327
"../../../../The-Sniper-and-the-Spy/Content/StarterContent/Textures/T_Chair_N.uasset" 328
"../../../../The-Sniper-and-the-Spy/Content/StarterContent/Props/Materials/M_Chair.uasset" 329
"../../../../The-Sniper-and-the-Spy/Content/StarterContent/Props/SM_Couch.uasset" 330
"../../../../The-Sniper-and-the-Spy/Content/StarterContent/Materials/M_Glass.uasset" 331
"../../../../The-Sniper-and-the-Spy/Content/StarterContent/Textures/T_Door_M.uasset" 332
"../../../../The-Sniper-and-the-Spy/Content/StarterContent/Textures/T_Door_N.uasset" 333
"../../../../The-Sniper-and-the-Spy/Content/StarterContent/Props/Materials/M_Door.uasset" 334
"../../../../The-Sniper-and-the-Spy/Content/StarterContent/Props/SM_Door.uasset" 335
"../../../../The-Sniper-and-the-Spy/Content/StarterContent/Props/Materials/M_MaterialSphere.uasset" 336
"../../../../The-Sniper-and-the-Spy/Content/StarterContent/Props/Materials/M_MaterialSphere_Plain.uasset" 337
"../../../../The-Sniper-and-the-Spy/Content/StarterContent/Props/SM_MatPreviewMesh_02.uasset" 338
"../../../../The-Sniper-and-the-Spy/Content/StarterContent/Textures/T_Detail_Rocky_N.uasset" 339
"../../../../The-Sniper-and-the-Spy/Content/StarterContent/Textures/T_Rock_Basalt_D.uasset" 340
"../../../../The-Sniper-and-the-Spy/Content/StarterContent/Textures/T_RockMesh_M.uasset" 341
"../../../../The-Sniper-and-the-Spy/Content/StarterContent/Textures/T_RockMesh_N.uasset" 342
"../../../../The-Sniper-and-the-Spy/Content/StarterContent/Props/Materials/M_Rock.uasset" 343
"../../../../The-Sniper-and-the-Spy/Content/StarterContent/Props/SM_Rock.uasset" 344
"../../../../The-Sniper-and-the-Spy/Content/StarterContent/Textures/T_Shelf_M.uasset" 345
"../../../../The-Sniper-and-the-Spy/Content/StarterContent/Textures/T_Shelf_N.uasset" 346
"../../../../The-Sniper-and-the-Spy/Content/StarterContent/Props/Materials/M_Shelf.uasset" 347
"../../../../The-Sniper-and-the-Spy/Content/StarterContent/Props/SM_Shelf.uasset" 348
"../../../../The-Sniper-and-the-Spy/Content/StarterContent/Materials/M_Basic_Floor.uasset" 349
"../../../../The-Sniper-and-the-Spy/Content/StarterContent/Props/SM_Stairs.uasset" 350
"../../../../The-Sniper-and-the-Spy/Content/StarterContent/Shapes/Shape_Cone.uasset" 351
"../../../../The-Sniper-and-the-Spy/Content/StarterContent/Shapes/Shape_Cylinder.uasset" 352
"../../../../The-Sniper-and-the-Spy/Content/StarterContent/Shapes/Shape_NarrowCapsule.uasset" 353
"../../../../The-Sniper-and-the-Spy/Content/StarterContent/Shapes/Shape_Pipe.uasset" 354
"../../../../The-Sniper-and-the-Spy/Content/StarterContent/Shapes/Shape_Pipe_180.uasset" 355
"../../../../The-Sniper-and-the-Spy/Content/StarterContent/Shapes/Shape_Pipe_90.uasset" 356
"../../../../The-Sniper-and-the-Spy/Content/StarterContent/Shapes/Shape_Plane.uasset" 357
"../../../../The-Sniper-and-the-Spy/Content/StarterContent/Shapes/Shape_Torus.uasset" 358
"../../../../The-Sniper-and-the-Spy/Content/StarterContent/Shapes/Shape_Trim.uasset" 359
"../../../../The-Sniper-and-the-Spy/Content/StarterContent/Shapes/Shape_Trim_90_In.uasset" 360
"../../../../The-Sniper-and-the-Spy/Content/StarterContent/Shapes/Shape_Trim_90_Out.uasset" 361
"../../../../The-Sniper-and-the-Spy/Content/StarterContent/Shapes/Shape_TriPyramid.uasset" 362
"../../../../The-Sniper-and-the-Spy/Content/StarterContent/Shapes/Shape_Tube.uasset" 363
"../../../../The-Sniper-and-the-Spy/Content/StarterContent/Shapes/Shape_Wedge_A.uasset" 364
"../../../../The-Sniper-and-the-Spy/Content/StarterContent/Shapes/Shape_Wedge_B.uasset" 365
"../../../../The-Sniper-and-the-Spy/Content/StarterContent/Shapes/Shape_WideCapsule.uasset" 366
"../../../../The-Sniper-and-the-Spy/Content/UI/Options.uasset" 367
"../../../Engine/Content/Animation/DefaultAnimCurveCompressionSettings.uasset" 368
"../../../Engine/Content/Functions/Engine_MaterialFunctions01/Opacity/CameraDepthFade.uasset" 369
"../../../Engine/Content/EngineMaterials/T_Default_Material_Grid_M.uasset" 370
"../../../Engine/Content/EngineMaterials/T_Default_Material_Grid_N.uasset" 371
"../../../Engine/Content/EngineMaterials/WorldGridMaterial.uasset" 372
"../../../Engine/Content/ArtTools/RenderToTexture/Meshes/S_1_Unit_Plane.uasset" 373
"../../../Engine/Content/EngineMaterials/DefaultMaterial.uasset" 374
"../../../Engine/Content/BasicShapes/Cone.uasset" 375
"../../../Engine/Content/BasicShapes/Plane.uasset" 376
"../../../Engine/Content/BasicShapes/Sphere.uasset" 377
"../../../Engine/Content/EditorLandscapeResources/DataLayer.uasset" 378
"../../../Engine/Content/EditorMaterials/MAT_Groups_Toggle.uasset" 379
"../../../Engine/Content/EditorMaterials/MAT_Groups_Visibility.uasset" 380
"../../../Engine/Content/EditorMaterials/PreviewShadowIndicator.uasset" 381
"../../../Engine/Content/EditorMaterials/PreviewShadowIndicatorMaterial.uasset" 382
"../../../Engine/Content/EditorMaterials/MatineeGroups/MAT_ColorTrack.uasset" 383
"../../../Engine/Content/EditorMaterials/MatineeGroups/MAT_Groups_Anim.uasset" 384
"../../../Engine/Content/EditorMaterials/MatineeGroups/MAT_Groups_AudioMaster.uasset" 385
"../../../Engine/Content/EditorMaterials/MatineeGroups/MAT_Groups_Director.uasset" 386
"../../../Engine/Content/EditorMaterials/MatineeGroups/MAT_Groups_Event.uasset" 387
"../../../Engine/Content/EditorMaterials/MatineeGroups/MAT_Groups_Fade.uasset" 388
"../../../Engine/Content/EditorMaterials/MatineeGroups/MAT_Groups_Float.uasset" 389
"../../../Engine/Content/EditorMaterials/MatineeGroups/MAT_Groups_Move.uasset" 390
"../../../Engine/Content/EditorMaterials/MatineeGroups/MAT_Groups_Slomo.uasset" 391
"../../../Engine/Content/EditorMaterials/MatineeGroups/MAT_Groups_Sound.uasset" 392
"../../../Engine/Content/EditorMaterials/MatineeGroups/MAT_Groups_Vector.uasset" 393
"../../../Engine/Content/EditorMaterials/ParticleSystems/PSysThumbnail_NoImage.uasset" 394
"../../../Engine/Content/EditorMaterials/ParticleSystems/PSysThumbnail_OOD.uasset" 395
"../../../Engine/Content/EditorMaterials/Camera/CineMat.uasset" 396
"../../../Engine/Content/EditorMaterials/Camera/MI_CineMat_Rig.uasset" 397
"../../../Engine/Content/EditorMeshes/Camera/SM_CraneRig_Arm.uasset" 398
"../../../Engine/Content/EditorMeshes/Camera/SM_CraneRig_Base.uasset" 399
"../../../Engine/Content/EditorMeshes/Camera/SM_CraneRig_Body.uasset" 400
"../../../Engine/Content/EditorMeshes/Camera/SM_CraneRig_Mount.uasset" 401
"../../../Engine/Content/EditorMeshes/Camera/SM_RailRig_Mount.uasset" 402
"../../../Engine/Content/EditorMeshes/Camera/SM_RailRig_Track.uasset" 403
"../../../Engine/Content/EditorResources/BSPVertex.uasset" 404
"../../../Engine/Content/EditorResources/EmptyActor.uasset" 405
"../../../Engine/Content/EditorResources/S_Actor.uasset" 406
"../../../Engine/Content/EditorResources/S_Note.uasset" 407
"../../../Engine/Content/EditorResources/S_Solver.uasset" 408
"../../../Engine/Content/EditorResources/S_Trigger.uasset" 409
"../../../Engine/Content/EditorResources/AudioIcons/S_AudioComponent.uasset" 410
"../../../Engine/Content/EditorResources/AudioIcons/S_AudioComponent_AutoActivate.uasset" 411
"../../../Engine/Content/EditorResources/LightIcons/S_LightError.uasset" 412
"../../../Engine/Content/EditorResources/SequenceRecorder/Countdown.uasset" 413
"../../../Engine/Content/EditorResources/SequenceRecorder/RecordingIndicator.uasset" 414
"../../../Engine/Content/EditorSounds/Notifications/CompileFailed.uasset" 415
"../../../Engine/Content/EditorSounds/Notifications/CompileFailed_Cue.uasset" 416
"../../../Engine/Content/EditorSounds/Notifications/CompileSuccess.uasset" 417
"../../../Engine/Content/EditorSounds/Notifications/CompileStart_Cue.uasset" 418
"../../../Engine/Content/EditorSounds/Notifications/CompileSuccess_Cue.uasset" 419
"../../../Engine/Content/EngineDamageTypes/DmgTypeBP_Environmental.uasset" 420
"../../../Engine/Content/EngineDebugMaterials/DebugEditorMaterial.uasset" 421
"../../../Engine/Content/EngineDebugMaterials/DebugMeshMaterial.uasset" 422
"../../../Engine/Content/EngineDebugMaterials/M_SimpleTranslucent.uasset" 423
"../../../Engine/Content/Functions/Engine_MaterialFunctions02/Utility/CameraDirectionVector.uasset" 424
"../../../Engine/Content/EngineDebugMaterials/VolumeToRender.uasset" 425
"../../../Engine/Content/EngineDebugMaterials/M_VolumeRenderSphereTracePP.uasset" 426
"../../../Engine/Content/EngineDebugMaterials/WireframeMaterial.uasset" 427
"../../../Engine/Content/EngineFonts/Faces/DroidSansFallback.uasset" 428
"../../../Engine/Content/EngineFonts/Faces/RobotoBold.uasset" 429
"../../../Engine/Content/EngineFonts/Faces/RobotoBoldItalic.uasset" 430
"../../../Engine/Content/EngineFonts/Faces/RobotoItalic.uasset" 431
"../../../Engine/Content/EngineFonts/Faces/RobotoLight.uasset" 432
"../../../Engine/Content/EngineFonts/Faces/RobotoRegular.uasset" 433
"../../../Engine/Content/EngineFonts/Roboto.uasset" 434
"../../../Engine/Content/EngineMaterials/BaseFlattenDiffuseMap.uasset" 435
"../../../Engine/Content/EngineMaterials/BaseFlattenEmissiveMap.uasset" 436
"../../../Engine/Content/EngineMaterials/BaseFlattenGrayscaleMap.uasset" 437
"../../../Engine/Content/EngineMaterials/BaseFlattenNormalMap.uasset" 438
"../../../Engine/Content/EngineMaterials/BaseFlattenMaterial.uasset" 439
"../../../Engine/Content/EngineMaterials/BlueNoise.uasset" 440
"../../../Engine/Content/EngineMaterials/DefaultBloomKernel.uasset" 441
"../../../Engine/Content/EngineMaterials/DefaultBokeh.uasset" 442
"../../../Engine/Content/EngineMaterials/DefaultDiffuse.uasset" 443
"../../../Engine/Content/EngineMaterials/DefaultDeferredDecalMaterial.uasset" 444
"../../../Engine/Content/EngineMaterials/DefaultLightFunctionMaterial.uasset" 445
"../../../Engine/Content/EngineMaterials/DefaultPhysicalMaterial.uasset" 446
"../../../Engine/Content/Functions/Engine_MaterialFunctions02/Utility/BreakOutFloat2Components.uasset" 447
"../../../Engine/Content/EngineMaterials/DefaultPostProcessMaterial.uasset" 448
"../../../Engine/Content/EngineFonts/RobotoDistanceField.uasset" 449
"../../../Engine/Content/EngineMaterials/DefaultTextMaterialOpaque.uasset" 450
"../../../Engine/Content/EngineMaterials/DefaultVirtualTextureMaterial.uasset" 451
"../../../Engine/Content/EngineMaterials/DefaultWhiteGrid.uasset" 452
"../../../Engine/Content/EngineMaterials/DefaultWhiteGrid_Low.uasset" 453
"../../../Engine/Content/EngineMaterials/EmissiveMeshMaterial.uasset" 454
"../../../Engine/Content/EngineMaterials/GizmoMaterial.uasset" 455
"../../../Engine/Content/EngineMaterials/Good64x64TilingNoiseHighFreq.uasset" 456
"../../../Engine/Content/EngineMaterials/HairDefaultMaterial.uasset" 457
"../../../Engine/Content/EngineMaterials/MiniFont.uasset" 458
"../../../Engine/Content/EngineMaterials/InvalidLightmapSettings.uasset" 459
"../../../Engine/Content/EngineMaterials/M_InvalidLightmapSettings.uasset" 460
"../../../Engine/Content/Functions/Engine_MaterialFunctions02/WorldPositionOffset/CameraOffset.uasset" 461
"../../../Engine/Content/EngineMaterials/PhAT_JointLimitMaterial.uasset" 462
"../../../Engine/Content/EngineMaterials/PreintegratedSkinBRDF.uasset" 463
"../../../Engine/Content/EngineMaterials/RemoveSurfaceMaterial.uasset" 464
"../../../Engine/Content/EngineMaterials/WeightMapPlaceholderTexture.uasset" 465
"../../../Engine/Content/EngineResources/WhiteSquareTexture.uasset" 466
"../../../Engine/Content/EngineMaterials/Widget3DPassThrough.uasset" 467
"../../../Engine/Content/EngineMaterials/Widget3DPassThrough_Masked.uasset" 468
"../../../Engine/Content/EngineMaterials/Widget3DPassThrough_Opaque.uasset" 469
"../../../Engine/Content/EngineMaterials/Widget3DPassThrough_Masked_OneSided.uasset" 470
"../../../Engine/Content/EngineMaterials/Widget3DPassThrough_Opaque_OneSided.uasset" 471
"../../../Engine/Content/EngineMaterials/Widget3DPassThrough_Translucent.uasset" 472
"../../../Engine/Content/EngineMaterials/Widget3DPassThrough_Translucent_OneSided.uasset" 473
"../../../Engine/Content/EngineMeshes/Cylinder.uasset" 474
"../../../Engine/Content/EngineMeshes/Sphere.uasset" 475
"../../../Engine/Content/EngineResources/Black.uasset" 476
"../../../Engine/Content/EngineResources/DefaultTexture.uasset" 477
"../../../Engine/Content/EngineResources/DefaultTextureCube.uasset" 478
"../../../Engine/Content/EngineResources/DefaultVolumeTexture2D.uasset" 479
"../../../Engine/Content/EngineResources/DefaultVolumeTexture.uasset" 480
"../../../Engine/Content/EngineResources/GradientTexture0.uasset" 481
"../../../Engine/Content/EngineSounds/Master.uasset" 482
"../../../Engine/Content/Functions/Engine_MaterialFunctions01/Shading/ConvertFromDiffSpec.uasset" 483
"../../../Engine/Content/Functions/Engine_MaterialFunctions01/Shading/PowerToRoughness.uasset" 484
"../../../Engine/Content/Maps/Templates/Thumbnails/Default.uasset" 485
"../../../Engine/Content/Maps/Templates/Thumbnails/TimeOfDay.uasset" 486
"../../../Engine/Content/Maps/Templates/Thumbnails/VR-Basic.uasset" 487
"../../../Engine/Content/MobileResources/T_MobileControls_texture.uasset" 488
"../../../Engine/Content/MobileResources/T_MobileMenu2.uasset" 489
"../../../Engine/Content/MobileResources/HUD/AnalogHat.uasset" 490
"../../../Engine/Content/MobileResources/HUD/VirtualJoystick_Background.uasset" 491
"../../../Engine/Content/MobileResources/HUD/VirtualJoystick_Thumb.uasset" 492
"../../../Engine/Content/MobileResources/HUD/DefaultVirtualJoysticks.uasset" 493
"../../../Engine/Content/MobileResources/HUD/LeftVirtualJoystickOnly.uasset" 494
"../../../Engine/Content/MobileResources/HUD/MobileHUDButton1_off.uasset" 495
"../../../Engine/Content/MobileResources/HUD/MobileHUDButton1_on.uasset" 496
"../../../Engine/Content/MobileResources/HUD/MobileHUDButton2_off.uasset" 497
"../../../Engine/Content/MobileResources/HUD/MobileHUDButton2_on.uasset" 498
"../../../Engine/Content/MobileResources/HUD/MobileHUDButton3.uasset" 499
"../../../Engine/Content/MobileResources/HUD/MobileHUDButtonFire.uasset" 500
"../../../Engine/Content/MobileResources/HUD/MobileHUDDirectionPad.uasset" 501
"../../../Engine/Content/MobileResources/HUD/MobileHUDDirectionPad2.uasset" 502
"../../../Engine/Content/MobileResources/HUD/MobileHUDDirectionPad3.uasset" 503
"../../../Engine/Content/MobileResources/HUD/MobileHUDDirectionStick.uasset" 504
"../../../Engine/Content/MobileResources/HUD/T_Castle_ThumbstickInner.uasset" 505
"../../../Engine/Content/MobileResources/HUD/T_Castle_ThumbstickOutter.uasset" 506
"../../../Engine/Content/Tutorial/ContentIntroCurve.uasset" 507
"../../../Engine/Content/Tutorial/Basics/LevelEditorAttract.uasset" 508
"../../../Engine/Content/VREditor/LaserPointer/VR_LaserPower_01.uasset" 509
"../../../Engine/Content/VREditor/TransformGizmo/TransformGizmoMaterial.uasset" 510
"../../../Engine/Content/VREditor/TransformGizmo/TranslucentTransformGizmoMaterial.uasset" 511
"../../../Engine/Content/VREditor/TransformGizmo/BoundingBoxCorner.uasset" 512
"../../../Engine/Content/VREditor/TransformGizmo/BoundingBoxEdge.uasset" 513
"../../../Engine/Content/VREditor/TransformGizmo/PlaneTranslationHandle.uasset" 514
"../../../Engine/Content/VREditor/TransformGizmo/Main.uasset" 515
"../../../Engine/Content/VREditor/TransformGizmo/Xray.uasset" 516
"../../../Engine/Content/VREditor/TransformGizmo/SM_Sequencer_Key.uasset" 517
"../../../Engine/Content/VREditor/TransformGizmo/SM_Sequencer_Node.uasset" 518
"../../Plugins/2D/Paper2D/Content/PlaceholderTextures/DummySpriteTexture.uasset" 519
"../../Plugins/2D/Paper2D/Content/DummySprite.uasset" 520
"../../Plugins/2D/Paper2D/Content/DefaultPaperTerrainMaterial.uasset" 521
"../../Plugins/2D/Paper2D/Content/DummySpriteTexture.uasset" 522
"../../Plugins/2D/Paper2D/Content/DefaultSpriteMaterial.uasset" 523
"../../Plugins/2D/Paper2D/Content/MaskedUnlitSpriteMaterial.uasset" 524
"../../Plugins/2D/Paper2D/Content/OpaqueUnlitSpriteMaterial.uasset" 525
"../../../Engine/Content/Functions/Engine_MaterialFunctions02/Utility/BreakOutFloat4Components.uasset" 526
"../../../Engine/Content/Functions/Engine_MaterialFunctions02/Utility/MakeFloat2.uasset" 527
"../../../Engine/Content/Functions/Engine_MaterialFunctions02/Utility/MakeFloat3.uasset" 528
"../../Plugins/Runtime/Oculus/OculusVR/Content/Materials/OculusMR_ChromaKey.uasset" 529
"../../Plugins/Runtime/Oculus/OculusVR/Content/Materials/OculusMR_ChromaKey_Lit.uasset" 530
"../../Plugins/Runtime/Oculus/OculusVR/Content/Materials/OculusMR_OpaqueColoredMaterial.uasset" 531
"../../Plugins/Runtime/Oculus/OculusVR/Content/Materials/OculusMR_WhiteMaterial.uasset" 532
"../../../../The-Sniper-and-the-Spy/Content/Test.umap" 533
"../../../Engine/Content/EngineSky/C_Sky_Cloud_Color.uasset" 534
"../../../Engine/Content/EngineSky/C_Sky_Horizon_Color.uasset" 535
"../../../Engine/Content/EngineSky/C_Sky_Zenith_Color.uasset" 536
"../../../Engine/Content/EngineSky/T_Sky_Blue.uasset" 537
"../../../Engine/Content/EngineSky/T_Sky_Clouds_M.uasset" 538
"../../../Engine/Content/EngineSky/T_Sky_Stars.uasset" 539
"../../../Engine/Content/EngineSky/M_Sky_Panning_Clouds2.uasset" 540
"../../../Engine/Content/EngineSky/SM_SkySphere.uasset" 541
"../../../Engine/Content/EngineSky/BP_Sky_Sphere.uasset" 542
"../../../../The-Sniper-and-the-Spy/Content/BP_ThirdPerson/ThirdPersonBP/Maps/ThirdPersonExampleMap_BuiltData.uasset" 543
"../../../../The-Sniper-and-the-Spy/Content/BP_ThirdPerson/ThirdPerson/Meshes/RampMaterial.uasset" 544
"../../../../The-Sniper-and-the-Spy/Content/BP_ThirdPerson/ThirdPerson/Meshes/Bump_StaticMesh.uasset" 545
"../../../../The-Sniper-and-the-Spy/Content/BP_ThirdPerson/ThirdPerson/Meshes/LeftArm_StaticMesh.uasset" 546
"../../../../The-Sniper-and-the-Spy/Content/BP_ThirdPerson/ThirdPerson/Meshes/Linear_Stair_StaticMesh.uasset" 547
"../../../../The-Sniper-and-the-Spy/Content/BP_ThirdPerson/ThirdPerson/Meshes/Ramp_StaticMesh.uasset" 548
"../../../../The-Sniper-and-the-Spy/Content/BP_ThirdPerson/ThirdPerson/Meshes/RightArm_StaticMesh.uasset" 549
"../../../../The-Sniper-and-the-Spy/Content/Geometry/Meshes/CubeMaterial.uasset" 550
"../../../../The-Sniper-and-the-Spy/Content/Geometry/Meshes/1M_Cube.uasset" 551
"../../../../The-Sniper-and-the-Spy/Content/Geometry/Meshes/1M_Cube_Chamfer.uasset" 552
"../../../../The-Sniper-and-the-Spy/Content/Geometry/Meshes/TemplateFloor.uasset" 553
"../../../../The-Sniper-and-the-Spy/Content/Music/Background_Music_for_Level_1.uasset" 554
"../../../../The-Sniper-and-the-Spy/Content/BP_ThirdPerson/ThirdPersonBP/Maps/ThirdPersonExampleMap.umap" 555
"../../../../The-Sniper-and-the-Spy/Content/Music/Jingle_Sound_Of_Keys-SoundBible_com-1508039360.uasset" 556
"../../../../The-Sniper-and-the-Spy/Content/StarterContent/Props/MaterialSphere.uasset" 557
"../../../../The-Sniper-and-the-Spy/Content/BP_Key.uasset" 558
"../../../../The-Sniper-and-the-Spy/Content/Levels/AlphaLevel_BuiltData.uasset" 559
"../../../../The-Sniper-and-the-Spy/Content/SoulCity/Environment/Meshes/Building_Slum/SM_ShantyLODFar3.uasset" 560
"../../../../The-Sniper-and-the-Spy/Content/SoulCity/Environment/Meshes/Building_Slum/SM_ShantyLODFar4.uasset" 561
"../../../../The-Sniper-and-the-Spy/Content/SoulCity/Environment/Meshes/Building_Slum/SM_Slums_Floor_02a.uasset" 562
"../../../../The-Sniper-and-the-Spy/Content/SoulCity/Environment/Meshes/Building_Slum/SM_Slums_Scaffolding_03b_OP.uasset" 563
"../../../../The-Sniper-and-the-Spy/Content/SoulCity/Environment/Meshes/Building_Slum/SM_Slums_Wall_03b.uasset" 564
"../../../../The-Sniper-and-the-Spy/Content/Levels/AlphaLevel.umap" 565
"../../../../The-Sniper-and-the-Spy/Content/Levels/Level1_BuiltData.uasset" 566
"../../../Engine/Content/BasicShapes/BasicShapeMaterial.uasset" 567
"../../../Engine/Content/BasicShapes/Cube.uasset" 568
"../../../../The-Sniper-and-the-Spy/Content/Levels/Level1.umap" 569
"../../../../The-Sniper-and-the-Spy/Content/UI/LoseScreen.uasset" 570
"../../../../The-Sniper-and-the-Spy/Content/Levels/LoseLevel.umap" 571
"../../../../The-Sniper-and-the-Spy/Content/UI/MainMenu.uasset" 572
"../../../../The-Sniper-and-the-Spy/Content/Levels/MainMenu.umap" 573
"../../../../The-Sniper-and-the-Spy/Content/Levels/Test.umap" 574
"../../../../The-Sniper-and-the-Spy/Content/UI/WinScreen.uasset" 575
"../../../../The-Sniper-and-the-Spy/Content/Levels/WinLevel.umap" 576
"../../../../The-Sniper-and-the-Spy/Content/StarterContent/Blueprints/Assets/FogBrightnessLUT.uasset" 577
"../../../../The-Sniper-and-the-Spy/Content/StarterContent/Blueprints/Assets/SunlightColorLUT.uasset" 578
"../../../../The-Sniper-and-the-Spy/Content/StarterContent/Blueprints/Assets/M_LightStage_Arrows.uasset" 579
"../../../Engine/Content/MapTemplates/Sky/DaylightAmbientCubemap.uasset" 580
"../../../../The-Sniper-and-the-Spy/Content/StarterContent/Blueprints/Assets/M_LightStage_Skybox_Master.uasset" 581
"../../../../The-Sniper-and-the-Spy/Content/StarterContent/Blueprints/Assets/M_LightStage_Skybox_Black.uasset" 582
"../../../../The-Sniper-and-the-Spy/Content/StarterContent/Blueprints/Assets/M_LightStage_Skybox_HDRI.uasset" 583
"../../../Engine/Content/EditorMaterials/Thumbnails/SkySphereMaterial.uasset" 584
"../../../../The-Sniper-and-the-Spy/Content/StarterContent/Blueprints/Assets/Skybox.uasset" 585
"../../../../The-Sniper-and-the-Spy/Content/StarterContent/Blueprints/Assets/SM_Arrows.uasset" 586
"../../../../The-Sniper-and-the-Spy/Content/StarterContent/HDRI/HDRI_Epic_Courtyard_Daylight.uasset" 587
"../../../../The-Sniper-and-the-Spy/Content/StarterContent/Blueprints/BP_LightStudio.uasset" 588
"../../../../The-Sniper-and-the-Spy/Content/StarterContent/Maps/Advanced_Lighting_BuiltData.uasset" 589
"../../../../The-Sniper-and-the-Spy/Content/StarterContent/Materials/M_AssetPlatform.uasset" 590
"../../../Engine/Content/EditorMeshes/ColorCalibrator/M_ChromeBall.uasset" 591
"../../../Engine/Content/EditorMeshes/ColorCalibrator/M_ClearCoat.uasset" 592
"../../../Engine/Content/EditorMeshes/ColorCalibrator/M_ClearCoatBlack.uasset" 593
"../../../Engine/Content/EditorMeshes/ColorCalibrator/Color_checker.uasset" 594
"../../../Engine/Content/EditorMeshes/ColorCalibrator/M_ColorGrid.uasset" 595
"../../../Engine/Content/EditorMeshes/ColorCalibrator/M_GreyBall.uasset" 596
"../../../Engine/Content/EditorMeshes/ColorCalibrator/SM_ColorCalibrator.uasset" 597
"../../../../The-Sniper-and-the-Spy/Content/StarterContent/Architecture/SM_AssetPlatform.uasset" 598
"../../../../The-Sniper-and-the-Spy/Content/StarterContent/Maps/Advanced_Lighting.umap" 599
"../../../../The-Sniper-and-the-Spy/Content/StarterContent/Maps/Minimal_Default_BuiltData.uasset" 600
"../../../../The-Sniper-and-the-Spy/Content/StarterContent/Materials/M_Metal_Brushed_Nickel.uasset" 601
"../../../../The-Sniper-and-the-Spy/Content/StarterContent/Textures/T_Metal_Aluminum_D.uasset" 602
"../../../../The-Sniper-and-the-Spy/Content/StarterContent/Textures/T_Metal_Gold_N.uasset" 603
"../../../../The-Sniper-and-the-Spy/Content/StarterContent/Materials/M_Metal_Burnished_Steel.uasset" 604
"../../../../The-Sniper-and-the-Spy/Content/StarterContent/Textures/T_Metal_Copper_D.uasset" 605
"../../../../The-Sniper-and-the-Spy/Content/StarterContent/Materials/M_Metal_Copper.uasset" 606
"../../../../The-Sniper-and-the-Spy/Content/StarterContent/Textures/T_Statue_M.uasset" 607
"../../../../The-Sniper-and-the-Spy/Content/StarterContent/Textures/T_Statue_N.uasset" 608
"../../../../The-Sniper-and-the-Spy/Content/StarterContent/Props/Materials/M_StatueGlass.uasset" 609
"../../../../The-Sniper-and-the-Spy/Content/StarterContent/Architecture/Floor_400x400.uasset" 610
"../../../../The-Sniper-and-the-Spy/Content/StarterContent/Audio/Starter_Background_Cue.uasset" 611
"../../../../The-Sniper-and-the-Spy/Content/StarterContent/Props/SM_Chair.uasset" 612
"../../../../The-Sniper-and-the-Spy/Content/StarterContent/Props/Materials/M_Statue.uasset" 613
"../../../../The-Sniper-and-the-Spy/Content/StarterContent/Props/SM_Statue.uasset" 614
"../../../../The-Sniper-and-the-Spy/Content/StarterContent/Textures/T_TableRound_M.uasset" 615
"../../../../The-Sniper-and-the-Spy/Content/StarterContent/Textures/T_TableRound_N.uasset" 616
"../../../../The-Sniper-and-the-Spy/Content/StarterContent/Props/Materials/M_TableRound.uasset" 617
"../../../../The-Sniper-and-the-Spy/Content/StarterContent/Props/SM_TableRound.uasset" 618
"../../../../The-Sniper-and-the-Spy/Content/StarterContent/Maps/Minimal_Default.umap" 619
"../../../../The-Sniper-and-the-Spy/Content/StarterContent/Audio/Fire01_Cue.uasset" 620
"../../../../The-Sniper-and-the-Spy/Content/StarterContent/Textures/T_Fire_SubUV.uasset" 621
"../../../../The-Sniper-and-the-Spy/Content/StarterContent/Textures/T_Fire_Tiled_D.uasset" 622
"../../../../The-Sniper-and-the-Spy/Content/StarterContent/Particles/Materials/M_Fire_SubUV.uasset" 623
"../../../../The-Sniper-and-the-Spy/Content/StarterContent/Textures/T_Water_N.uasset" 624
"../../../../The-Sniper-and-the-Spy/Content/StarterContent/Particles/Materials/M_Heat_Distortion.uasset" 625
"../../../../The-Sniper-and-the-Spy/Content/StarterContent/Particles/Materials/M_Radial_Gradient.uasset" 626
"../../../../The-Sniper-and-the-Spy/Content/StarterContent/Particles/P_Fire.uasset" 627
"../../../../The-Sniper-and-the-Spy/Content/StarterContent/Blueprints/Blueprint_Effect_Fire.uasset" 628
"../../../../The-Sniper-and-the-Spy/Content/StarterContent/Audio/Smoke01_Cue.uasset" 629
"../../../../The-Sniper-and-the-Spy/Content/StarterContent/Particles/P_Smoke.uasset" 630
"../../../../The-Sniper-and-the-Spy/Content/StarterContent/Blueprints/Blueprint_Effect_Smoke.uasset" 631
"../../../../The-Sniper-and-the-Spy/Content/StarterContent/Audio/Fire_Sparks01_Cue.uasset" 632
"../../../../The-Sniper-and-the-Spy/Content/StarterContent/Textures/T_Spark_Core.uasset" 633
"../../../../The-Sniper-and-the-Spy/Content/StarterContent/Particles/Materials/M_Spark.uasset" 634
"../../../../The-Sniper-and-the-Spy/Content/StarterContent/Particles/P_Sparks.uasset" 635
"../../../../The-Sniper-and-the-Spy/Content/StarterContent/Blueprints/Blueprint_Effect_Sparks.uasset" 636
"../../../../The-Sniper-and-the-Spy/Content/StarterContent/Audio/Steam01_Cue.uasset" 637
"../../../../The-Sniper-and-the-Spy/Content/StarterContent/Particles/P_Steam_Lit.uasset" 638
"../../../../The-Sniper-and-the-Spy/Content/StarterContent/Blueprints/Blueprint_Effect_Steam.uasset" 639
"../../../../The-Sniper-and-the-Spy/Content/StarterContent/Textures/T_Lamp_M.uasset" 640
"../../../../The-Sniper-and-the-Spy/Content/StarterContent/Textures/T_Lamp_N.uasset" 641
"../../../../The-Sniper-and-the-Spy/Content/StarterContent/Props/Materials/M_Lamp.uasset" 642
"../../../../The-Sniper-and-the-Spy/Content/StarterContent/Props/SM_Lamp_Ceiling.uasset" 643
"../../../../The-Sniper-and-the-Spy/Content/StarterContent/Blueprints/Blueprint_CeilingLight.uasset" 644
"../../../../The-Sniper-and-the-Spy/Content/StarterContent/Props/SM_Lamp_Wall.uasset" 645
"../../../../The-Sniper-and-the-Spy/Content/StarterContent/Blueprints/Blueprint_WallSconce.uasset" 646
"../../../../The-Sniper-and-the-Spy/Content/StarterContent/Maps/StarterMap_BuiltData.uasset" 647
"../../../Engine/Content/Functions/Engine_MaterialFunctions03/Procedurals/ComputeFilterWidth.uasset" 648
"../../../Engine/Content/EngineMaterials/AntiAliasedTextMaterialTranslucent.uasset" 649
"../../../../The-Sniper-and-the-Spy/Content/StarterContent/Textures/T_Brick_Clay_Beveled_D.uasset" 650
"../../../../The-Sniper-and-the-Spy/Content/StarterContent/Textures/T_Brick_Clay_Beveled_M.uasset" 651
"../../../../The-Sniper-and-the-Spy/Content/StarterContent/Textures/T_Brick_Clay_Beveled_N.uasset" 652
"../../../../The-Sniper-and-the-Spy/Content/StarterContent/Materials/M_Brick_Clay_Beveled.uasset" 653
"../../../../The-Sniper-and-the-Spy/Content/StarterContent/Textures/T_Brick_Clay_New_D.uasset" 654
"../../../../The-Sniper-and-the-Spy/Content/StarterContent/Textures/T_Brick_Clay_New_M.uasset" 655
"../../../../The-Sniper-and-the-Spy/Content/StarterContent/Textures/T_Brick_Clay_New_N.uasset" 656
"../../../../The-Sniper-and-the-Spy/Content/StarterContent/Materials/M_Brick_Clay_New.uasset" 657
"../../../../The-Sniper-and-the-Spy/Content/StarterContent/Textures/T_Brick_Clay_Old_D.uasset" 658
"../../../../The-Sniper-and-the-Spy/Content/StarterContent/Textures/T_Brick_Clay_Old_N.uasset" 659
"../../../../The-Sniper-and-the-Spy/Content/StarterContent/Textures/T_Perlin_Noise_M.uasset" 660
"../../../../The-Sniper-and-the-Spy/Content/StarterContent/Materials/M_Brick_Clay_Old.uasset" 661
"../../../../The-Sniper-and-the-Spy/Content/StarterContent/Textures/T_Brick_Cut_Stone_D.uasset" 662
"../../../../The-Sniper-and-the-Spy/Content/StarterContent/Textures/T_Brick_Cut_Stone_N.uasset" 663
"../../../../The-Sniper-and-the-Spy/Content/StarterContent/Materials/M_Brick_Cut_Stone.uasset" 664
"../../../../The-Sniper-and-the-Spy/Content/StarterContent/Textures/T_Brick_Hewn_Stone_D.uasset" 665
"../../../../The-Sniper-and-the-Spy/Content/StarterContent/Textures/T_Brick_Hewn_Stone_M.uasset" 666
"../../../../The-Sniper-and-the-Spy/Content/StarterContent/Textures/T_Brick_Hewn_Stone_N.uasset" 667
"../../../../The-Sniper-and-the-Spy/Content/StarterContent/Materials/M_Brick_Hewn_Stone.uasset" 668
"../../../../The-Sniper-and-the-Spy/Content/StarterContent/Textures/T_Ceramic_Tile_M.uasset" 669
"../../../../The-Sniper-and-the-Spy/Content/StarterContent/Textures/T_Ceramic_Tile_N.uasset" 670
"../../../../The-Sniper-and-the-Spy/Content/StarterContent/Textures/T_Rock_Marble_Polished_D.uasset" 671
"../../../../The-Sniper-and-the-Spy/Content/StarterContent/Materials/M_Ceramic_Tile_Checker.uasset" 672
"../../../../The-Sniper-and-the-Spy/Content/StarterContent/Textures/T_CobbleStone_Pebble_D.uasset" 673
"../../../../The-Sniper-and-the-Spy/Content/StarterContent/Textures/T_CobbleStone_Pebble_M.uasset" 674
"../../../../The-Sniper-and-the-Spy/Content/StarterContent/Textures/T_CobbleStone_Pebble_N.uasset" 675
"../../../../The-Sniper-and-the-Spy/Content/StarterContent/Materials/M_CobbleStone_Pebble.uasset" 676
"../../../../The-Sniper-and-the-Spy/Content/StarterContent/Textures/T_CobbleStone_Rough_D.uasset" 677
"../../../../The-Sniper-and-the-Spy/Content/StarterContent/Textures/T_CobbleStone_Rough_N.uasset" 678
"../../../../The-Sniper-and-the-Spy/Content/StarterContent/Textures/T_Gradinet_01.uasset" 679
"../../../../The-Sniper-and-the-Spy/Content/StarterContent/Textures/T_Rock_Smooth_Granite_D.uasset" 680
"../../../../The-Sniper-and-the-Spy/Content/StarterContent/Materials/M_CobbleStone_Rough.uasset" 681
"../../../../The-Sniper-and-the-Spy/Content/StarterContent/Textures/T_CobbleStone_Smooth_D.uasset" 682
"../../../../The-Sniper-and-the-Spy/Content/StarterContent/Textures/T_CobbleStone_Smooth_M.uasset" 683
"../../../../The-Sniper-and-the-Spy/Content/StarterContent/Textures/T_CobbleStone_Smooth_N.uasset" 684
"../../../../The-Sniper-and-the-Spy/Content/StarterContent/Materials/M_CobbleStone_Smooth.uasset" 685
"../../../../The-Sniper-and-the-Spy/Content/StarterContent/Textures/T_Concrete_Grime_D.uasset" 686
"../../../../The-Sniper-and-the-Spy/Content/StarterContent/Textures/T_Metal_Rust_N.uasset" 687
"../../../../The-Sniper-and-the-Spy/Content/StarterContent/Materials/M_Concrete_Grime.uasset" 688
"../../../../The-Sniper-and-the-Spy/Content/StarterContent/Textures/T_Concrete_Panels_D.uasset" 689
"../../../../The-Sniper-and-the-Spy/Content/StarterContent/Textures/T_Concrete_Panels_N.uasset" 690
"../../../../The-Sniper-and-the-Spy/Content/StarterContent/Materials/M_Concrete_Panels.uasset" 691
"../../../../The-Sniper-and-the-Spy/Content/StarterContent/Textures/T_Concrete_Poured_D.uasset" 692
"../../../../The-Sniper-and-the-Spy/Content/StarterContent/Textures/T_Concrete_Poured_N.uasset" 693
"../../../../The-Sniper-and-the-Spy/Content/StarterContent/Materials/M_Concrete_Poured.uasset" 694
"../../../../The-Sniper-and-the-Spy/Content/StarterContent/Textures/T_Concrete_Tiles_D.uasset" 695
"../../../../The-Sniper-and-the-Spy/Content/StarterContent/Textures/T_Concrete_Tiles_M.uasset" 696
"../../../../The-Sniper-and-the-Spy/Content/StarterContent/Textures/T_Concrete_Tiles_N.uasset" 697
"../../../../The-Sniper-and-the-Spy/Content/StarterContent/Textures/T_Concrete_Tiles_Variation_M.uasset" 698
"../../../../The-Sniper-and-the-Spy/Content/StarterContent/Materials/M_Concrete_Tiles.uasset" 699
"../../../../The-Sniper-and-the-Spy/Content/StarterContent/Textures/T_Ground_Grass_D.uasset" 700
"../../../../The-Sniper-and-the-Spy/Content/StarterContent/Textures/T_Ground_Grass_N.uasset" 701
"../../../../The-Sniper-and-the-Spy/Content/StarterContent/Materials/M_Ground_Grass.uasset" 702
"../../../../The-Sniper-and-the-Spy/Content/StarterContent/Textures/T_Ground_Gravel_D.uasset" 703
"../../../../The-Sniper-and-the-Spy/Content/StarterContent/Textures/T_Ground_Gravel_N.uasset" 704
"../../../../The-Sniper-and-the-Spy/Content/StarterContent/Materials/M_Ground_Gravel.uasset" 705
"../../../../The-Sniper-and-the-Spy/Content/StarterContent/Textures/T_ground_Moss_D.uasset" 706
"../../../../The-Sniper-and-the-Spy/Content/StarterContent/Textures/T_Ground_Moss_N.uasset" 707
"../../../../The-Sniper-and-the-Spy/Content/StarterContent/Materials/M_Ground_Moss.uasset" 708
"../../../../The-Sniper-and-the-Spy/Content/StarterContent/Materials/M_Metal_Chrome.uasset" 709
"../../../../The-Sniper-and-the-Spy/Content/StarterContent/Textures/T_Metal_Gold_D.uasset" 710
"../../../../The-Sniper-and-the-Spy/Content/StarterContent/Materials/M_Metal_Gold.uasset" 711
"../../../../The-Sniper-and-the-Spy/Content/StarterContent/Textures/T_Metal_Rust_D.uasset" 712
"../../../../The-Sniper-and-the-Spy/Content/StarterContent/Materials/M_Metal_Rust.uasset" 713
"../../../../The-Sniper-and-the-Spy/Content/StarterContent/Textures/T_Rock_Basalt_N.uasset" 714
"../../../../The-Sniper-and-the-Spy/Content/StarterContent/Materials/M_Rock_Basalt.uasset" 715
"../../../../The-Sniper-and-the-Spy/Content/StarterContent/Materials/M_Rock_Marble_Polished.uasset" 716
"../../../../The-Sniper-and-the-Spy/Content/StarterContent/Textures/T_Rock_Sandstone_D.uasset" 717
"../../../../The-Sniper-and-the-Spy/Content/StarterContent/Textures/T_Rock_Sandstone_N.uasset" 718
"../../../../The-Sniper-and-the-Spy/Content/StarterContent/Materials/M_Rock_Sandstone.uasset" 719
"../../../../The-Sniper-and-the-Spy/Content/StarterContent/Textures/T_Rock_Slate_D.uasset" 720
"../../../../The-Sniper-and-the-Spy/Content/StarterContent/Textures/T_Rock_Slate_N.uasset" 721
"../../../../The-Sniper-and-the-Spy/Content/StarterContent/Materials/M_Rock_Slate.uasset" 722
"../../../../The-Sniper-and-the-Spy/Content/StarterContent/Textures/T_Checker_Noise_M.uasset" 723
"../../../../The-Sniper-and-the-Spy/Content/StarterContent/Textures/T_Single_Tile_N.uasset" 724
"../../../../The-Sniper-and-the-Spy/Content/StarterContent/Textures/T_Tech_Dot_M.uasset" 725
"../../../../The-Sniper-and-the-Spy/Content/StarterContent/Textures/T_Tech_Dot_N.uasset" 726
"../../../../The-Sniper-and-the-Spy/Content/StarterContent/Materials/M_Tech_Checker_Dot.uasset" 727
"../../../../The-Sniper-and-the-Spy/Content/StarterContent/Textures/T_Tech_Hex_Tile_M.uasset" 728
"../../../../The-Sniper-and-the-Spy/Content/StarterContent/Textures/T_Tech_Hex_Tile_N.uasset" 729
"../../../../The-Sniper-and-the-Spy/Content/StarterContent/Materials/M_Tech_Hex_Tile.uasset" 730
"../../../../The-Sniper-and-the-Spy/Content/StarterContent/Materials/M_Tech_Hex_Tile_Pulse.uasset" 731
"../../../../The-Sniper-and-the-Spy/Content/StarterContent/Textures/T_Tech_Panel_M.uasset" 732
"../../../../The-Sniper-and-the-Spy/Content/StarterContent/Textures/T_Tech_Panel_N.uasset" 733
"../../../../The-Sniper-and-the-Spy/Content/StarterContent/Materials/M_Tech_Panel.uasset" 734
"../../../../The-Sniper-and-the-Spy/Content/StarterContent/Materials/M_Water_Lake.uasset" 735
"../../../../The-Sniper-and-the-Spy/Content/StarterContent/Textures/T_Water_M.uasset" 736
"../../../../The-Sniper-and-the-Spy/Content/StarterContent/Materials/M_Water_Ocean.uasset" 737
"../../../../The-Sniper-and-the-Spy/Content/StarterContent/Textures/T_Wood_Floor_Walnut_D.uasset" 738
"../../../../The-Sniper-and-the-Spy/Content/StarterContent/Textures/T_Wood_Floor_Walnut_M.uasset" 739
"../../../../The-Sniper-and-the-Spy/Content/StarterContent/Textures/T_Wood_Floor_Walnut_N.uasset" 740
"../../../../The-Sniper-and-the-Spy/Content/StarterContent/Materials/M_Wood_Floor_Walnut_Polished.uasset" 741
"../../../Engine/Content/Functions/Engine_MaterialFunctions01/Opacity/AlphaOffset.uasset" 742
"../../../../The-Sniper-and-the-Spy/Content/StarterContent/Materials/M_Wood_Floor_Walnut_Worn.uasset" 743
"../../../../The-Sniper-and-the-Spy/Content/StarterContent/Textures/T_Wood_Oak_D.uasset" 744
"../../../../The-Sniper-and-the-Spy/Content/StarterContent/Textures/T_Wood_Oak_N.uasset" 745
"../../../../The-Sniper-and-the-Spy/Content/StarterContent/Materials/M_Wood_Oak.uasset" 746
"../../../../The-Sniper-and-the-Spy/Content/StarterContent/Textures/T_Wood_Pine_D.uasset" 747
"../../../../The-Sniper-and-the-Spy/Content/StarterContent/Textures/T_Wood_Pine_N.uasset" 748
"../../../../The-Sniper-and-the-Spy/Content/StarterContent/Materials/M_Wood_Pine.uasset" 749
"../../../../The-Sniper-and-the-Spy/Content/StarterContent/Textures/T_Wood_Walnut_D.uasset" 750
"../../../../The-Sniper-and-the-Spy/Content/StarterContent/Textures/T_Wood_Walnut_N.uasset" 751
"../../../../The-Sniper-and-the-Spy/Content/StarterContent/Materials/M_Wood_Walnut.uasset" 752
"../../../../The-Sniper-and-the-Spy/Content/StarterContent/Architecture/Wall_400x200.uasset" 753
"../../../../The-Sniper-and-the-Spy/Content/StarterContent/Architecture/Wall_Door_400x300.uasset" 754
"../../../../The-Sniper-and-the-Spy/Content/StarterContent/Architecture/Wall_Window_400x300.uasset" 755
"../../../../The-Sniper-and-the-Spy/Content/StarterContent/Audio/Collapse_Cue.uasset" 756
"../../../../The-Sniper-and-the-Spy/Content/StarterContent/Audio/Starter_Music_Cue.uasset" 757
"../../../../The-Sniper-and-the-Spy/Content/StarterContent/Textures/T_Dust_Particle_D.uasset" 758
"../../../../The-Sniper-and-the-Spy/Content/StarterContent/Particles/Materials/M_Dust_Particle.uasset" 759
"../../../../The-Sniper-and-the-Spy/Content/StarterContent/Particles/P_Ambient_Dust.uasset" 760
"../../../../The-Sniper-and-the-Spy/Content/StarterContent/Textures/T_Frame_M.uasset" 761
"../../../../The-Sniper-and-the-Spy/Content/StarterContent/Textures/T_Frame_N.uasset" 762
"../../../../The-Sniper-and-the-Spy/Content/StarterContent/Props/Materials/M_Frame.uasset" 763
"../../../../The-Sniper-and-the-Spy/Content/StarterContent/Props/SM_CornerFrame.uasset" 764
"../../../../The-Sniper-and-the-Spy/Content/StarterContent/Props/SM_DoorFrame.uasset" 765
"../../../../The-Sniper-and-the-Spy/Content/StarterContent/Props/SM_GlassWindow.uasset" 766
"../../../../The-Sniper-and-the-Spy/Content/StarterContent/Props/SM_PillarFrame.uasset" 767
"../../../../The-Sniper-and-the-Spy/Content/StarterContent/Props/SM_PillarFrame300.uasset" 768
"../../../../The-Sniper-and-the-Spy/Content/StarterContent/Props/SM_WindowFrame.uasset" 769
"../../../../The-Sniper-and-the-Spy/Content/StarterContent/Shapes/Shape_Cube.uasset" 770
"../../../../The-Sniper-and-the-Spy/Content/StarterContent/Shapes/Shape_QuadPyramid.uasset" 771
"../../../../The-Sniper-and-the-Spy/Content/StarterContent/Shapes/Shape_Sphere.uasset" 772
"../../../../The-Sniper-and-the-Spy/Content/StarterContent/Maps/StarterMap.umap" 773
"../../../Engine/Content/Maps/Entry_BuiltData.uasset" 774
"../../../Engine/Content/Maps/Entry.umap" 775
